D:\Article\Article\SPACoreAngularReporing\ASP.NetCoreAngular6-Highchart\SPACoreAngular.Web\clientapp\component\app\component.js
D:\Article\Article\SPACoreAngularReporing\ASP.NetCoreAngular6-Highchart\SPACoreAngular.Web\clientapp\component\app\component.js.map
D:\Article\Article\SPACoreAngularReporing\ASP.NetCoreAngular6-Highchart\SPACoreAngular.Web\clientapp\component\home\component.js
D:\Article\Article\SPACoreAngularReporing\ASP.NetCoreAngular6-Highchart\SPACoreAngular.Web\clientapp\component\home\component.js.map
D:\Article\Article\SPACoreAngularReporing\ASP.NetCoreAngular6-Highchart\SPACoreAngular.Web\clientapp\component\about\component.js
D:\Article\Article\SPACoreAngularReporing\ASP.NetCoreAngular6-Highchart\SPACoreAngular.Web\clientapp\component\about\component.js.map
D:\Article\Article\SPACoreAngularReporing\ASP.NetCoreAngular6-Highchart\SPACoreAngular.Web\clientapp\component\user\model.js
D:\Article\Article\SPACoreAngularReporing\ASP.NetCoreAngular6-Highchart\SPACoreAngular.Web\clientapp\component\user\model.js.map
D:\Article\Article\SPACoreAngularReporing\ASP.NetCoreAngular6-Highchart\SPACoreAngular.Web\clientapp\component\user\service.js
D:\Article\Article\SPACoreAngularReporing\ASP.NetCoreAngular6-Highchart\SPACoreAngular.Web\clientapp\component\user\service.js.map
D:\Article\Article\SPACoreAngularReporing\ASP.NetCoreAngular6-Highchart\SPACoreAngular.Web\clientapp\component\user\component.js
D:\Article\Article\SPACoreAngularReporing\ASP.NetCoreAngular6-Highchart\SPACoreAngular.Web\clientapp\component\user\component.js.map
D:\Article\Article\SPACoreAngularReporing\ASP.NetCoreAngular6-Highchart\SPACoreAngular.Web\clientapp\component\chart\model.js
D:\Article\Article\SPACoreAngularReporing\ASP.NetCoreAngular6-Highchart\SPACoreAngular.Web\clientapp\component\chart\model.js.map
D:\Article\Article\SPACoreAngularReporing\ASP.NetCoreAngular6-Highchart\SPACoreAngular.Web\clientapp\component\chart\service.js
D:\Article\Article\SPACoreAngularReporing\ASP.NetCoreAngular6-Highchart\SPACoreAngular.Web\clientapp\component\chart\service.js.map
D:\Article\Article\SPACoreAngularReporing\ASP.NetCoreAngular6-Highchart\SPACoreAngular.Web\clientapp\component\chart\component.js
D:\Article\Article\SPACoreAngularReporing\ASP.NetCoreAngular6-Highchart\SPACoreAngular.Web\clientapp\component\chart\component.js.map
D:\Article\Article\SPACoreAngularReporing\ASP.NetCoreAngular6-Highchart\SPACoreAngular.Web\clientapp\module.js
D:\Article\Article\SPACoreAngularReporing\ASP.NetCoreAngular6-Highchart\SPACoreAngular.Web\clientapp\module.js.map
D:\Article\Article\SPACoreAngularReporing\ASP.NetCoreAngular6-Highchart\SPACoreAngular.Web\clientapp\main.js
D:\Article\Article\SPACoreAngularReporing\ASP.NetCoreAngular6-Highchart\SPACoreAngular.Web\clientapp\main.js.map
